{
  "RSpec": {
    "coverage": {
      "/Users/vito/Documents/Workspace/StreamVault/app/models/user.rb": {
        "lines": [
          null,
          null,
          1,
          1,
          null,
          null,
          null,
          1,
          null,
          null,
          1,
          1,
          1,
          1,
          null,
          null,
          1,
          null,
          null,
          1,
          10,
          null,
          null
        ],
        "branches": {}
      },
      "/Users/vito/Documents/Workspace/StreamVault/app/models/application_record.rb": {
        "lines": [
          1,
          1,
          null
        ],
        "branches": {}
      },
      "/Users/vito/Documents/Workspace/StreamVault/app/controllers/application_controller.rb": {
        "lines": [
          1,
          null,
          1,
          null,
          null,
          1,
          5,
          null,
          1,
          null,
          null,
          1,
          0,
          0,
          0,
          null,
          null,
          null,
          null,
          1,
          1,
          2,
          1,
          null,
          null,
          null
        ],
        "branches": {}
      },
      "/Users/vito/Documents/Workspace/StreamVault/app/helpers/application_helper.rb": {
        "lines": [
          1,
          null
        ],
        "branches": {}
      },
      "/Users/vito/Documents/Workspace/StreamVault/app/controllers/content_controller.rb": {
        "lines": [
          null,
          null,
          1,
          1,
          null,
          1,
          1,
          1,
          null,
          1,
          null,
          null,
          1,
          1,
          null,
          null,
          1,
          1,
          null,
          null,
          1,
          1,
          1,
          null,
          null
        ],
        "branches": {
          "[:if, 0, 14, 16, 14, 61]": {
            "[:then, 1, 14, 39, 14, 55]": 1,
            "[:else, 2, 14, 58, 14, 61]": 0
          },
          "[:\"&.\", 3, 17, 64, 17, 85]": {
            "[:then, 4, 17, 64, 17, 85]": 0,
            "[:else, 5, 17, 64, 17, 85]": 1
          },
          "[:\"&.\", 6, 17, 96, 17, 118]": {
            "[:then, 7, 17, 96, 17, 118]": 0,
            "[:else, 8, 17, 96, 17, 118]": 1
          },
          "[:if, 9, 18, 15, 18, 65]": {
            "[:then, 10, 18, 41, 18, 60]": 1,
            "[:else, 11, 18, 63, 18, 65]": 0
          }
        }
      },
      "/Users/vito/Documents/Workspace/StreamVault/app/controllers/episodes_controller.rb": {
        "lines": [
          null,
          null,
          1,
          1,
          null,
          1,
          1,
          1,
          null,
          null,
          1,
          null,
          null,
          1,
          1,
          1,
          1,
          null,
          null
        ],
        "branches": {
          "[:\"&.\", 0, 8, 14, 8, 35]": {
            "[:then, 1, 8, 14, 8, 35]": 0,
            "[:else, 2, 8, 14, 8, 35]": 1
          },
          "[:if, 3, 16, 16, 16, 61]": {
            "[:then, 4, 16, 39, 16, 55]": 1,
            "[:else, 5, 16, 58, 16, 61]": 0
          },
          "[:\"&.\", 6, 17, 21, 17, 51]": {
            "[:then, 7, 17, 21, 17, 51]": 1,
            "[:else, 8, 17, 21, 17, 51]": 0
          }
        }
      },
      "/Users/vito/Documents/Workspace/StreamVault/app/controllers/home_controller.rb": {
        "lines": [
          null,
          null,
          1,
          1,
          null,
          1,
          1,
          1,
          1,
          null,
          null
        ],
        "branches": {}
      },
      "/Users/vito/Documents/Workspace/StreamVault/app/controllers/library_controller.rb": {
        "lines": [
          null,
          null,
          1,
          1,
          1,
          null,
          1,
          2,
          2,
          2,
          2,
          null,
          null,
          1,
          2,
          null,
          2,
          null,
          2,
          2,
          null,
          0,
          null,
          null,
          null,
          1,
          1,
          1,
          null,
          0,
          null,
          null,
          null,
          1,
          1,
          1,
          1,
          null,
          null,
          1,
          null,
          1,
          3,
          null,
          null,
          1,
          3,
          null,
          null
        ],
        "branches": {
          "[:if, 0, 9, 4, 9, 72]": {
            "[:then, 1, 9, 4, 9, 46]": 1,
            "[:else, 2, 9, 4, 9, 72]": 1
          },
          "[:if, 3, 10, 4, 10, 78]": {
            "[:then, 4, 10, 4, 10, 50]": 0,
            "[:else, 5, 10, 4, 10, 78]": 2
          },
          "[:if, 6, 17, 4, 23, 7]": {
            "[:then, 7, 19, 6, 20, 81]": 2,
            "[:else, 8, 22, 6, 22, 104]": 0
          },
          "[:\"&.\", 9, 19, 6, 19, 77]": {
            "[:then, 10, 19, 6, 19, 77]": 1,
            "[:else, 11, 19, 6, 19, 77]": 1
          },
          "[:if, 12, 27, 4, 31, 7]": {
            "[:then, 13, 28, 6, 28, 72]": 1,
            "[:else, 14, 30, 6, 30, 83]": 0
          }
        }
      },
      "/Users/vito/Documents/Workspace/StreamVault/app/controllers/search_controller.rb": {
        "lines": [
          null,
          null,
          1,
          1,
          null,
          1,
          2,
          1,
          1,
          1,
          1,
          null,
          1,
          null,
          null,
          null
        ],
        "branches": {
          "[:if, 0, 7, 4, 14, 7]": {
            "[:then, 1, 8, 6, 11, 59]": 1,
            "[:else, 2, 13, 6, 13, 19]": 1
          },
          "[:if, 3, 10, 17, 10, 51]": {
            "[:then, 4, 10, 35, 10, 46]": 1,
            "[:else, 5, 10, 49, 10, 51]": 0
          },
          "[:if, 6, 11, 15, 11, 59]": {
            "[:then, 7, 11, 33, 11, 53]": 0,
            "[:else, 8, 11, 56, 11, 59]": 1
          }
        }
      },
      "/Users/vito/Documents/Workspace/StreamVault/app/controllers/settings_controller.rb": {
        "lines": [
          null,
          null,
          1,
          1,
          null,
          1,
          1,
          null,
          null,
          1,
          2,
          null,
          2,
          null,
          2,
          1,
          1,
          1,
          1,
          null,
          0,
          null,
          null,
          1,
          null,
          null,
          0,
          null,
          null,
          null,
          1,
          null,
          1,
          2,
          null,
          null
        ],
        "branches": {
          "[:if, 0, 13, 4, 28, 7]": {
            "[:then, 1, 15, 6, 25, 9]": 2,
            "[:else, 2, 27, 6, 27, 49]": 0
          },
          "[:if, 3, 15, 6, 25, 9]": {
            "[:then, 4, 16, 8, 22, 11]": 1,
            "[:else, 5, 24, 8, 24, 62]": 1
          },
          "[:if, 6, 18, 8, 22, 11]": {
            "[:then, 7, 19, 10, 19, 96]": 1,
            "[:else, 8, 21, 10, 21, 127]": 0
          }
        }
      },
      "/Users/vito/Documents/Workspace/StreamVault/app/controllers/streaming_controller.rb": {
        "lines": [
          null,
          null,
          1,
          1,
          1,
          null,
          1,
          1,
          1,
          null,
          null,
          null,
          null,
          null,
          null,
          1,
          1,
          null,
          0,
          null,
          null,
          null,
          1,
          0,
          0,
          null,
          0,
          0,
          null,
          0,
          null,
          null,
          null,
          1,
          1,
          null,
          null,
          null,
          null,
          null,
          null,
          null,
          null,
          null,
          1,
          1,
          null,
          0,
          null,
          null,
          null,
          1,
          null,
          1,
          2,
          1,
          null,
          null,
          null
        ],
        "branches": {
          "[:\"&.\", 0, 12, 14, 12, 35]": {
            "[:then, 1, 12, 14, 12, 35]": 0,
            "[:else, 2, 12, 14, 12, 35]": 1
          },
          "[:\"&.\", 3, 13, 15, 13, 37]": {
            "[:then, 4, 13, 15, 13, 37]": 0,
            "[:else, 5, 13, 15, 13, 37]": 1
          },
          "[:if, 6, 16, 4, 20, 7]": {
            "[:then, 7, 17, 6, 17, 30]": 1,
            "[:else, 8, 19, 6, 19, 81]": 0
          },
          "[:if, 9, 27, 4, 31, 7]": {
            "[:then, 10, 28, 6, 28, 30]": 0,
            "[:else, 11, 30, 6, 30, 81]": 0
          },
          "[:\"&.\", 12, 41, 14, 41, 35]": {
            "[:then, 13, 41, 14, 41, 35]": 0,
            "[:else, 14, 41, 14, 41, 35]": 1
          },
          "[:\"&.\", 15, 42, 15, 42, 37]": {
            "[:then, 16, 42, 15, 42, 37]": 0,
            "[:else, 17, 42, 15, 42, 37]": 1
          },
          "[:if, 18, 45, 4, 49, 7]": {
            "[:then, 19, 46, 6, 46, 36]": 1,
            "[:else, 20, 48, 6, 48, 81]": 0
          },
          "[:unless, 21, 55, 4, 57, 7]": {
            "[:else, 22, 55, 4, 57, 7]": 1,
            "[:then, 23, 56, 6, 56, 113]": 1
          }
        }
      },
      "/Users/vito/Documents/Workspace/StreamVault/app/controllers/watch_history_controller.rb": {
        "lines": [
          null,
          null,
          1,
          1,
          null,
          1,
          1,
          null,
          null,
          1,
          1,
          1,
          1,
          null,
          null
        ],
        "branches": {}
      },
      "/Users/vito/Documents/Workspace/StreamVault/app/controllers/wishlist_controller.rb": {
        "lines": [
          null,
          null,
          1,
          1,
          1,
          null,
          1,
          1,
          null,
          null,
          1,
          1,
          null,
          1,
          1,
          null,
          0,
          null,
          null,
          null,
          1,
          1,
          1,
          1,
          null,
          null,
          1,
          1,
          null,
          null,
          null,
          null,
          null,
          null,
          null,
          1,
          1,
          null,
          null,
          1,
          null,
          1,
          2,
          null,
          null,
          1,
          1,
          null,
          null
        ],
        "branches": {
          "[:if, 0, 14, 4, 18, 7]": {
            "[:then, 1, 15, 6, 15, 83]": 1,
            "[:else, 2, 17, 6, 17, 105]": 0
          }
        }
      },
      "/Users/vito/Documents/Workspace/StreamVault/app/jobs/application_job.rb": {
        "lines": [
          1,
          null,
          null,
          null,
          null,
          null,
          null
        ],
        "branches": {}
      },
      "/Users/vito/Documents/Workspace/StreamVault/app/mailers/application_mailer.rb": {
        "lines": [
          1,
          1,
          1,
          null
        ],
        "branches": {}
      },
      "/Users/vito/Documents/Workspace/StreamVault/app/models/episode_progress.rb": {
        "lines": [
          null,
          null,
          1,
          null,
          1,
          null,
          null,
          1,
          1,
          1,
          1,
          1,
          1,
          1,
          1,
          null,
          null,
          null,
          null,
          null,
          3,
          2,
          2,
          null,
          null,
          1,
          4,
          3,
          null,
          null,
          1,
          2,
          null,
          null
        ],
        "branches": {
          "[:if, 0, 27, 4, 27, 38]": {
            "[:then, 1, 27, 4, 27, 12]": 1,
            "[:else, 2, 27, 4, 27, 38]": 3
          }
        }
      },
      "/Users/vito/Documents/Workspace/StreamVault/app/models/library_entry.rb": {
        "lines": [
          null,
          null,
          1,
          null,
          1,
          1,
          null,
          null,
          1,
          null,
          null,
          1,
          1,
          1,
          1,
          1,
          1,
          null,
          null,
          8,
          2,
          5,
          3,
          3,
          1,
          null
        ],
        "branches": {}
      },
      "/Users/vito/Documents/Workspace/StreamVault/app/models/watch_history_entry.rb": {
        "lines": [
          null,
          null,
          1,
          null,
          1,
          null,
          null,
          1,
          null,
          null,
          1,
          1,
          1,
          1,
          1,
          1,
          null,
          null,
          3,
          2,
          3,
          3,
          null
        ],
        "branches": {}
      },
      "/Users/vito/Documents/Workspace/StreamVault/app/models/wishlist_entry.rb": {
        "lines": [
          null,
          null,
          1,
          null,
          1,
          null,
          null,
          1,
          null,
          null,
          1,
          1,
          1,
          1,
          null,
          null,
          3,
          4,
          null
        ],
        "branches": {}
      },
      "/Users/vito/Documents/Workspace/StreamVault/app/policies/application_policy.rb": {
        "lines": [
          null,
          null,
          1,
          null,
          1,
          4,
          null,
          null,
          1,
          1,
          null,
          null,
          1,
          2,
          null,
          null,
          1,
          2,
          null,
          null,
          1,
          null,
          1,
          10,
          null,
          null,
          null,
          1,
          8,
          null,
          null
        ],
        "branches": {}
      },
      "/Users/vito/Documents/Workspace/StreamVault/app/policies/episode_progress_policy.rb": {
        "lines": [
          null,
          null,
          1,
          null,
          null
        ],
        "branches": {}
      },
      "/Users/vito/Documents/Workspace/StreamVault/app/policies/library_entry_policy.rb": {
        "lines": [
          null,
          null,
          1,
          null,
          null
        ],
        "branches": {}
      },
      "/Users/vito/Documents/Workspace/StreamVault/app/policies/watch_history_entry_policy.rb": {
        "lines": [
          null,
          null,
          1,
          null,
          1,
          1,
          null,
          null
        ],
        "branches": {}
      },
      "/Users/vito/Documents/Workspace/StreamVault/app/policies/wishlist_entry_policy.rb": {
        "lines": [
          null,
          null,
          1,
          1,
          2,
          null,
          null
        ],
        "branches": {}
      },
      "/Users/vito/Documents/Workspace/StreamVault/app/services/content_streaming_service.rb": {
        "lines": [
          null,
          null,
          1,
          1,
          6,
          6,
          6,
          null,
          null,
          null,
          1,
          4,
          null,
          null,
          3,
          3,
          null,
          3,
          3,
          null,
          null,
          2,
          2,
          null,
          null,
          2,
          null,
          null,
          2,
          2,
          null,
          2,
          null,
          null,
          2,
          2,
          null,
          null,
          2,
          null,
          null,
          null,
          null,
          null,
          null,
          null,
          null,
          null,
          null,
          1,
          2,
          2,
          null,
          2,
          null,
          2,
          null,
          null,
          1,
          1,
          null,
          1,
          1,
          null,
          1,
          null,
          null,
          null,
          null,
          null,
          null,
          1,
          null,
          null,
          null,
          null,
          null,
          0,
          null,
          null,
          null,
          1,
          null,
          1,
          2,
          2,
          2,
          null,
          null,
          null,
          1,
          1,
          0,
          null,
          1,
          null,
          null,
          null
        ],
        "branches": {
          "[:unless, 0, 12, 4, 12, 102]": {
            "[:else, 1, 12, 4, 12, 102]": 3,
            "[:then, 2, 12, 4, 12, 69]": 1
          },
          "[:if, 3, 16, 4, 16, 52]": {
            "[:then, 4, 16, 4, 16, 25]": 0,
            "[:else, 5, 16, 4, 16, 52]": 3
          },
          "[:if, 6, 19, 4, 19, 91]": {
            "[:then, 7, 19, 4, 19, 73]": 1,
            "[:else, 8, 19, 4, 19, 91]": 2
          },
          "[:unless, 9, 23, 4, 23, 79]": {
            "[:else, 10, 23, 4, 23, 79]": 2,
            "[:then, 11, 23, 4, 23, 60]": 0
          },
          "[:if, 12, 30, 4, 30, 44]": {
            "[:then, 13, 30, 4, 30, 21]": 0,
            "[:else, 14, 30, 4, 30, 44]": 2
          },
          "[:if, 15, 35, 4, 37, 7]": {
            "[:then, 16, 36, 6, 36, 58]": 2,
            "[:else, 17, 35, 4, 37, 7]": 0
          },
          "[:if, 18, 52, 4, 52, 46]": {
            "[:then, 19, 52, 4, 52, 22]": 0,
            "[:else, 20, 52, 4, 52, 46]": 2
          },
          "[:case, 21, 56, 4, 79, 7]": {
            "[:when, 22, 59, 6, 70, 8]": 1,
            "[:when, 23, 72, 6, 76, 8]": 1,
            "[:else, 24, 78, 6, 78, 63]": 0
          },
          "[:unless, 25, 60, 6, 60, 73]": {
            "[:else, 26, 60, 6, 60, 73]": 1,
            "[:then, 27, 60, 6, 60, 61]": 0
          },
          "[:if, 28, 63, 6, 63, 60]": {
            "[:then, 29, 63, 6, 63, 30]": 0,
            "[:else, 30, 63, 6, 63, 60]": 1
          },
          "[:if, 31, 92, 4, 96, 7]": {
            "[:then, 32, 93, 6, 93, 33]": 0,
            "[:else, 33, 95, 6, 95, 24]": 1
          }
        }
      },
      "/Users/vito/Documents/Workspace/StreamVault/app/services/progress_tracking_service.rb": {
        "lines": [
          null,
          null,
          1,
          null,
          1,
          4,
          null,
          3,
          null,
          null,
          3,
          3,
          null,
          null,
          null,
          null,
          null,
          3,
          3,
          null,
          null,
          null,
          null,
          null,
          null,
          null,
          3,
          1,
          null,
          null,
          null,
          3,
          null,
          3,
          null,
          0,
          null,
          0,
          0,
          null,
          null,
          null,
          1,
          2,
          1,
          null,
          null,
          null,
          null,
          null,
          1,
          null,
          null,
          null,
          null,
          null,
          2,
          null,
          null,
          null,
          1,
          null,
          3,
          null,
          null,
          3,
          null,
          null,
          null,
          null,
          null,
          3,
          1,
          null,
          null,
          null,
          null,
          null,
          null,
          2,
          2,
          null,
          null,
          null,
          null,
          null,
          2,
          1,
          null,
          null,
          null,
          null,
          null,
          1,
          null,
          null,
          null,
          null,
          null,
          null,
          null,
          null,
          null,
          1,
          null,
          2,
          null,
          null,
          null,
          null,
          null,
          3,
          2,
          1,
          null,
          1,
          null,
          null,
          null,
          null,
          null,
          null,
          null,
          null,
          null,
          null,
          null,
          null,
          3,
          null,
          null,
          1,
          null,
          1,
          1,
          null,
          null,
          null,
          null,
          null,
          1,
          null,
          null,
          null,
          null,
          null,
          null,
          null,
          1,
          3,
          3,
          null,
          3,
          0,
          3,
          3,
          null,
          0,
          null,
          null,
          3,
          null,
          null,
          1,
          5,
          null,
          null,
          1,
          3,
          null,
          null
        ],
        "branches": {
          "[:if, 0, 6, 4, 6, 111]": {
            "[:then, 1, 6, 4, 6, 57]": 1,
            "[:else, 2, 6, 4, 6, 111]": 3
          },
          "[:if, 3, 8, 19, 8, 108]": {
            "[:then, 4, 8, 48, 8, 104]": 3,
            "[:else, 5, 8, 107, 8, 108]": 0
          },
          "[:if, 6, 12, 20, 12, 54]": {
            "[:then, 7, 12, 37, 12, 45]": 1,
            "[:else, 8, 12, 48, 12, 54]": 2
          },
          "[:if, 9, 18, 20, 18, 50]": {
            "[:then, 10, 18, 37, 18, 44]": 1,
            "[:else, 11, 18, 47, 18, 50]": 2
          },
          "[:if, 12, 19, 18, 19, 73]": {
            "[:then, 13, 19, 35, 19, 67]": 1,
            "[:else, 14, 19, 70, 19, 73]": 2
          },
          "[:if, 15, 27, 4, 29, 7]": {
            "[:then, 16, 28, 6, 28, 97]": 1,
            "[:else, 17, 27, 4, 29, 7]": 2
          },
          "[:if, 18, 44, 4, 55, 7]": {
            "[:then, 19, 45, 6, 49, 7]": 1,
            "[:else, 20, 51, 6, 54, 14]": 1
          },
          "[:if, 21, 72, 4, 100, 7]": {
            "[:then, 22, 73, 6, 77, 8]": 1,
            "[:else, 23, 80, 6, 99, 9]": 2
          },
          "[:if, 24, 87, 6, 99, 9]": {
            "[:then, 25, 88, 8, 92, 10]": 1,
            "[:else, 26, 94, 8, 98, 10]": 1
          },
          "[:unless, 27, 151, 4, 151, 23]": {
            "[:else, 28, 151, 4, 151, 23]": 3,
            "[:then, 29, 151, 4, 151, 10]": 0
          },
          "[:if, 30, 153, 17, 159, 20]": {
            "[:then, 31, 154, 19, 154, 28]": 0,
            "[:else, 32, 155, 17, 159, 20]": 3
          },
          "[:if, 33, 155, 17, 159, 20]": {
            "[:then, 34, 156, 19, 156, 28]": 3,
            "[:else, 35, 158, 19, 158, 37]": 0
          },
          "[:if, 36, 161, 4, 161, 79]": {
            "[:then, 37, 161, 4, 161, 43]": 3,
            "[:else, 38, 161, 4, 161, 79]": 0
          },
          "[:\"&.\", 39, 165, 4, 165, 57]": {
            "[:then, 40, 165, 4, 165, 57]": 5,
            "[:else, 41, 165, 4, 165, 57]": 0
          },
          "[:\"&.\", 42, 169, 4, 169, 62]": {
            "[:then, 43, 169, 4, 169, 62]": 3,
            "[:else, 44, 169, 4, 169, 62]": 0
          }
        }
      },
      "/Users/vito/Documents/Workspace/StreamVault/app/services/real_debrid_service.rb": {
        "lines": [
          null,
          null,
          1,
          1,
          1,
          1,
          null,
          1,
          16,
          16,
          16,
          16,
          16,
          16,
          16,
          16,
          null,
          null,
          null,
          null,
          1,
          3,
          3,
          2,
          null,
          1,
          null,
          null,
          0,
          null,
          0,
          0,
          null,
          null,
          null,
          1,
          4,
          null,
          3,
          4,
          4,
          null,
          null,
          null,
          3,
          3,
          null,
          null,
          null,
          null,
          null,
          null,
          0,
          null,
          null,
          0,
          0,
          null,
          null,
          null,
          1,
          4,
          null,
          3,
          3,
          3,
          null,
          null,
          null,
          3,
          3,
          null,
          null,
          null,
          null,
          0,
          null,
          null,
          0,
          0,
          null,
          null,
          null,
          1,
          3,
          null,
          3,
          null,
          3,
          3,
          null,
          0,
          null,
          null,
          0,
          0,
          null,
          null,
          null,
          1,
          3,
          null,
          3,
          3,
          3,
          null,
          null,
          null,
          3,
          3,
          null,
          0,
          null,
          null,
          0,
          0,
          null,
          null,
          null,
          1,
          0,
          0,
          null,
          0,
          0,
          null,
          0,
          0,
          null,
          null,
          0,
          0,
          null,
          0,
          null,
          null,
          1,
          null,
          1,
          1,
          1,
          null,
          0,
          null,
          null,
          1,
          null,
          3,
          null,
          null,
          null,
          3,
          2,
          null,
          null,
          null,
          null,
          null,
          null,
          null,
          1,
          9,
          9,
          10,
          10,
          null,
          1,
          1,
          null,
          null,
          0,
          0,
          0,
          0,
          null,
          0,
          null,
          null
        ],
        "branches": {
          "[:if, 0, 23, 4, 27, 7]": {
            "[:then, 1, 24, 6, 24, 42]": 2,
            "[:else, 2, 26, 6, 26, 67]": 1
          },
          "[:if, 3, 37, 4, 37, 65]": {
            "[:then, 4, 37, 4, 37, 51]": 1,
            "[:else, 5, 37, 4, 37, 65]": 3
          },
          "[:if, 6, 45, 4, 54, 7]": {
            "[:then, 7, 46, 6, 51, 8]": 3,
            "[:else, 8, 53, 6, 53, 67]": 0
          },
          "[:if, 9, 62, 4, 62, 76]": {
            "[:then, 10, 62, 4, 62, 59]": 1,
            "[:else, 11, 62, 4, 62, 76]": 3
          },
          "[:if, 12, 70, 4, 77, 7]": {
            "[:then, 13, 71, 6, 74, 8]": 3,
            "[:else, 14, 76, 6, 76, 67]": 0
          },
          "[:if, 15, 85, 4, 85, 71]": {
            "[:then, 16, 85, 4, 85, 58]": 0,
            "[:else, 17, 85, 4, 85, 71]": 3
          },
          "[:if, 18, 89, 4, 93, 7]": {
            "[:then, 19, 90, 6, 90, 66]": 3,
            "[:else, 20, 92, 6, 92, 67]": 0
          },
          "[:if, 21, 101, 4, 101, 104]": {
            "[:then, 22, 101, 4, 101, 72]": 0,
            "[:else, 23, 101, 4, 101, 104]": 3
          },
          "[:if, 24, 109, 4, 113, 7]": {
            "[:then, 25, 110, 6, 110, 33]": 3,
            "[:else, 26, 112, 6, 112, 67]": 0
          },
          "[:if, 27, 122, 4, 122, 46]": {
            "[:then, 28, 122, 4, 122, 22]": 0,
            "[:else, 29, 122, 4, 122, 46]": 0
          },
          "[:\"&.\", 30, 125, 11, 125, 29]": {
            "[:then, 31, 125, 11, 125, 29]": 0,
            "[:else, 32, 125, 11, 125, 29]": 0
          },
          "[:unless, 33, 127, 4, 127, 73]": {
            "[:else, 34, 127, 4, 127, 73]": 0,
            "[:then, 35, 127, 4, 127, 61]": 0
          },
          "[:unless, 36, 128, 4, 128, 89]": {
            "[:else, 37, 128, 4, 128, 89]": 0,
            "[:then, 38, 128, 4, 128, 66]": 0
          },
          "[:\"&.\", 39, 131, 11, 131, 44]": {
            "[:then, 40, 131, 11, 131, 44]": 0,
            "[:else, 41, 131, 11, 131, 44]": 0
          },
          "[:unless, 42, 132, 4, 132, 79]": {
            "[:else, 43, 132, 4, 132, 79]": 0,
            "[:then, 44, 132, 4, 132, 67]": 0
          },
          "[:unless, 45, 140, 4, 140, 59]": {
            "[:else, 46, 140, 4, 140, 59]": 1,
            "[:then, 47, 140, 4, 140, 26]": 0
          },
          "[:if, 48, 172, 4, 175, 7]": {
            "[:then, 49, 173, 6, 174, 11]": 0,
            "[:else, 50, 172, 4, 175, 7]": 0
          },
          "[:if, 51, 165, 6, 165, 73]": {
            "[:then, 52, 165, 6, 165, 21]": 9,
            "[:else, 53, 165, 6, 165, 73]": 1
          }
        }
      },
      "/Users/vito/Documents/Workspace/StreamVault/app/services/service_result.rb": {
        "lines": [
          null,
          null,
          1,
          1,
          null,
          1,
          52,
          52,
          52,
          52,
          null,
          null,
          1,
          31,
          null,
          null,
          1,
          19,
          null,
          null,
          1,
          44,
          null,
          null,
          1,
          8,
          null,
          null
        ],
        "branches": {}
      },
      "/Users/vito/Documents/Workspace/StreamVault/app/services/torrentio_service.rb": {
        "lines": [
          null,
          null,
          1,
          1,
          null,
          1,
          16,
          16,
          16,
          16,
          16,
          16,
          null,
          null,
          null,
          null,
          1,
          3,
          null,
          null,
          2,
          2,
          null,
          2,
          null,
          2,
          2,
          2,
          2,
          null,
          null,
          2,
          null,
          0,
          null,
          0,
          null,
          0,
          0,
          null,
          null,
          null,
          1,
          10,
          null,
          9,
          9,
          null,
          9,
          8,
          8,
          1,
          1,
          null,
          0,
          null,
          null,
          0,
          null,
          0,
          null,
          0,
          0,
          null,
          null,
          null,
          1,
          3,
          null,
          3,
          null,
          null,
          3,
          null,
          null,
          3,
          3,
          3,
          null,
          0,
          null,
          null,
          0,
          0,
          null,
          null,
          1,
          null,
          1,
          2,
          null,
          null,
          null,
          null,
          2,
          2,
          4,
          2,
          null,
          0,
          null,
          null,
          0,
          0,
          null,
          null,
          1,
          9,
          1,
          null,
          8,
          null,
          null,
          null,
          1,
          8,
          null,
          5,
          null,
          null,
          null,
          null,
          null,
          5,
          null,
          null,
          null,
          null,
          null,
          1,
          5,
          5,
          0,
          4,
          1,
          0,
          0,
          null,
          null,
          null,
          1,
          5,
          3,
          2,
          0,
          null,
          2,
          null,
          null,
          null,
          1,
          1,
          1,
          1,
          0,
          0,
          null,
          0,
          null,
          null,
          null,
          1,
          null,
          2,
          null,
          null,
          2,
          2,
          null,
          null,
          null,
          1,
          null,
          3,
          null,
          null,
          3,
          3,
          null,
          null,
          null,
          null,
          null,
          null,
          null,
          null,
          null,
          null
        ],
        "branches": {
          "[:if, 0, 18, 4, 18, 73]": {
            "[:then, 1, 18, 4, 18, 57]": 1,
            "[:else, 2, 18, 4, 18, 73]": 2
          },
          "[:if, 3, 22, 4, 22, 46]": {
            "[:then, 4, 22, 4, 22, 22]": 0,
            "[:else, 5, 22, 4, 22, 46]": 2
          },
          "[:if, 6, 28, 33, 28, 91]": {
            "[:then, 7, 28, 59, 28, 83]": 2,
            "[:else, 8, 28, 86, 28, 91]": 0
          },
          "[:if, 9, 44, 4, 44, 73]": {
            "[:then, 10, 44, 4, 44, 55]": 1,
            "[:else, 11, 44, 4, 44, 73]": 9
          },
          "[:if, 12, 49, 4, 56, 7]": {
            "[:then, 13, 50, 6, 51, 36]": 8,
            "[:else, 14, 52, 4, 56, 7]": 1
          },
          "[:if, 15, 52, 4, 56, 7]": {
            "[:then, 16, 53, 6, 53, 31]": 1,
            "[:else, 17, 55, 6, 55, 71]": 0
          },
          "[:if, 18, 68, 4, 68, 73]": {
            "[:then, 19, 68, 4, 68, 55]": 0,
            "[:else, 20, 68, 4, 68, 73]": 3
          },
          "[:if, 21, 73, 12, 73, 44]": {
            "[:then, 22, 73, 29, 73, 37]": 1,
            "[:else, 23, 73, 40, 73, 44]": 2
          },
          "[:if, 24, 77, 4, 81, 7]": {
            "[:then, 25, 78, 6, 78, 58]": 3,
            "[:else, 26, 80, 6, 80, 66]": 0
          },
          "[:if, 27, 96, 4, 101, 7]": {
            "[:then, 28, 97, 6, 98, 36]": 2,
            "[:else, 29, 100, 6, 100, 31]": 0
          },
          "[:if, 30, 108, 4, 112, 7]": {
            "[:then, 31, 109, 6, 109, 59]": 1,
            "[:else, 32, 111, 6, 111, 37]": 8
          },
          "[:if, 33, 124, 14, 124, 60]": {
            "[:then, 34, 124, 26, 124, 48]": 1,
            "[:else, 35, 124, 51, 124, 60]": 4
          },
          "[:unless, 36, 131, 4, 131, 33]": {
            "[:else, 37, 131, 4, 131, 33]": 5,
            "[:then, 38, 131, 4, 131, 20]": 0
          },
          "[:case, 39, 132, 4, 138, 7]": {
            "[:when, 40, 133, 26, 133, 30]": 0,
            "[:when, 41, 134, 23, 134, 30]": 4,
            "[:when, 42, 135, 22, 135, 28]": 1,
            "[:when, 43, 136, 22, 136, 28]": 0,
            "[:else, 44, 137, 9, 137, 18]": 0
          },
          "[:if, 45, 142, 4, 148, 7]": {
            "[:then, 46, 143, 6, 143, 23]": 3,
            "[:else, 47, 144, 4, 148, 7]": 2
          },
          "[:if, 48, 144, 4, 148, 7]": {
            "[:then, 49, 145, 6, 145, 13]": 0,
            "[:else, 50, 147, 6, 147, 7]": 2
          },
          "[:unless, 51, 152, 4, 152, 48]": {
            "[:else, 52, 152, 4, 152, 48]": 1,
            "[:then, 53, 152, 4, 152, 20]": 0
          },
          "[:if, 54, 153, 4, 159, 7]": {
            "[:then, 55, 154, 6, 154, 48]": 1,
            "[:else, 56, 155, 4, 159, 7]": 0
          },
          "[:if, 57, 155, 4, 159, 7]": {
            "[:then, 58, 156, 6, 156, 44]": 0,
            "[:else, 59, 158, 6, 158, 39]": 0
          },
          "[:if, 60, 167, 12, 167, 55]": {
            "[:then, 61, 167, 39, 167, 45]": 0,
            "[:else, 62, 167, 48, 167, 55]": 2
          },
          "[:if, 63, 168, 18, 168, 64]": {
            "[:then, 64, 168, 44, 168, 58]": 2,
            "[:else, 65, 168, 61, 168, 64]": 0
          },
          "[:if, 66, 177, 12, 177, 55]": {
            "[:then, 67, 177, 39, 177, 45]": 1,
            "[:else, 68, 177, 48, 177, 55]": 2
          },
          "[:if, 69, 178, 18, 178, 64]": {
            "[:then, 70, 178, 44, 178, 58]": 3,
            "[:else, 71, 178, 61, 178, 64]": 0
          },
          "[:\"&.\", 72, 185, 21, 185, 47]": {
            "[:then, 73, 185, 21, 185, 47]": 1,
            "[:else, 74, 185, 21, 185, 47]": 2
          }
        }
      }
    },
    "timestamp": 1781461202
  }
}
