{
  "RSpec": {
    "coverage": {
      "/Users/vito/Documents/Workspace/Mimo/StreamVault/app/models/user.rb": {
        "lines": [
          null,
          null,
          1,
          1,
          null,
          null,
          null,
          1,
          null,
          null,
          1,
          1,
          1,
          1,
          null,
          null,
          1,
          null,
          null,
          1,
          17,
          null,
          null
        ],
        "branches": {}
      },
      "/Users/vito/Documents/Workspace/Mimo/StreamVault/app/models/application_record.rb": {
        "lines": [
          1,
          1,
          null
        ],
        "branches": {}
      },
      "/Users/vito/Documents/Workspace/Mimo/StreamVault/app/controllers/application_controller.rb": {
        "lines": [
          1,
          null,
          1,
          null,
          null,
          1,
          5,
          null,
          1,
          null,
          null,
          1,
          0,
          0,
          0,
          null,
          null,
          null,
          null,
          1,
          1,
          2,
          1,
          null,
          null,
          null
        ],
        "branches": {}
      },
      "/Users/vito/Documents/Workspace/Mimo/StreamVault/app/helpers/application_helper.rb": {
        "lines": [
          1,
          null
        ],
        "branches": {}
      },
      "/Users/vito/Documents/Workspace/Mimo/StreamVault/app/controllers/content_controller.rb": {
        "lines": [
          null,
          null,
          1,
          1,
          null,
          1,
          1,
          1,
          null,
          1,
          null,
          null,
          1,
          1,
          null,
          null,
          1,
          1,
          1,
          1,
          null,
          null,
          null,
          1,
          1,
          1,
          null,
          null,
          1,
          0,
          0,
          null,
          null,
          null,
          null,
          1,
          0,
          0,
          0,
          0,
          null,
          0,
          null,
          null,
          0,
          0,
          0,
          0,
          0,
          0,
          null,
          null,
          null,
          0,
          0,
          0,
          null,
          0,
          null,
          null
        ],
        "branches": {
          "[:\"&.\", 0, 10, 49, 10, 81]": {
            "[:then, 1, 10, 49, 10, 81]": 1,
            "[:else, 2, 10, 49, 10, 81]": 0
          },
          "[:if, 3, 14, 16, 14, 61]": {
            "[:then, 4, 14, 39, 14, 55]": 1,
            "[:else, 5, 14, 58, 14, 61]": 0
          },
          "[:if, 6, 17, 4, 21, 7]": {
            "[:then, 7, 18, 6, 20, 67]": 1,
            "[:else, 8, 17, 4, 21, 7]": 0
          },
          "[:\"&.\", 9, 18, 22, 18, 44]": {
            "[:then, 10, 18, 22, 18, 44]": 1,
            "[:else, 11, 18, 22, 18, 44]": 0
          },
          "[:if, 12, 20, 17, 20, 67]": {
            "[:then, 13, 20, 43, 20, 62]": 1,
            "[:else, 14, 20, 65, 20, 67]": 0
          },
          "[:if, 15, 29, 4, 32, 7]": {
            "[:then, 16, 30, 6, 31, 51]": 0,
            "[:else, 17, 29, 4, 32, 7]": 1
          },
          "[:\"&.\", 18, 31, 25, 31, 46]": {
            "[:then, 19, 31, 25, 31, 46]": 0,
            "[:else, 20, 31, 25, 31, 46]": 0
          },
          "[:\"&.\", 21, 39, 14, 39, 35]": {
            "[:then, 22, 39, 14, 39, 35]": 0,
            "[:else, 23, 39, 14, 39, 35]": 0
          },
          "[:\"&.\", 24, 40, 15, 40, 37]": {
            "[:then, 25, 40, 15, 40, 37]": 0,
            "[:else, 26, 40, 15, 40, 37]": 0
          },
          "[:\"&.\", 27, 42, 49, 42, 81]": {
            "[:then, 28, 42, 49, 42, 81]": 0,
            "[:else, 29, 42, 49, 42, 81]": 0
          },
          "[:if, 30, 46, 18, 46, 62]": {
            "[:then, 31, 46, 34, 46, 51]": 0,
            "[:else, 32, 46, 54, 46, 62]": 0
          },
          "[:if, 33, 48, 4, 51, 7]": {
            "[:then, 34, 49, 6, 50, 43]": 0,
            "[:else, 35, 48, 4, 51, 7]": 0
          },
          "[:\"&.\", 36, 50, 23, 50, 38]": {
            "[:then, 37, 50, 23, 50, 38]": 0,
            "[:else, 38, 50, 23, 50, 38]": 0
          },
          "[:if, 39, 56, 15, 56, 65]": {
            "[:then, 40, 56, 41, 56, 60]": 0,
            "[:else, 41, 56, 63, 56, 65]": 0
          }
        }
      },
      "/Users/vito/Documents/Workspace/Mimo/StreamVault/app/controllers/episodes_controller.rb": {
        "lines": [
          null,
          null,
          1,
          1,
          null,
          1,
          1,
          1,
          null,
          null,
          1,
          null,
          null,
          1,
          1,
          1,
          1,
          null,
          null
        ],
        "branches": {
          "[:\"&.\", 0, 8, 14, 8, 35]": {
            "[:then, 1, 8, 14, 8, 35]": 0,
            "[:else, 2, 8, 14, 8, 35]": 1
          },
          "[:\"&.\", 3, 14, 49, 14, 81]": {
            "[:then, 4, 14, 49, 14, 81]": 1,
            "[:else, 5, 14, 49, 14, 81]": 0
          },
          "[:if, 6, 16, 16, 16, 61]": {
            "[:then, 7, 16, 39, 16, 55]": 1,
            "[:else, 8, 16, 58, 16, 61]": 0
          },
          "[:\"&.\", 9, 17, 21, 17, 51]": {
            "[:then, 10, 17, 21, 17, 51]": 1,
            "[:else, 11, 17, 21, 17, 51]": 0
          }
        }
      },
      "/Users/vito/Documents/Workspace/Mimo/StreamVault/app/controllers/home_controller.rb": {
        "lines": [
          null,
          null,
          1,
          1,
          null,
          1,
          1,
          1,
          1,
          null,
          null
        ],
        "branches": {}
      },
      "/Users/vito/Documents/Workspace/Mimo/StreamVault/app/controllers/library_controller.rb": {
        "lines": [
          null,
          null,
          1,
          1,
          1,
          null,
          1,
          2,
          2,
          2,
          2,
          null,
          null,
          1,
          2,
          null,
          2,
          null,
          2,
          2,
          null,
          0,
          null,
          null,
          null,
          1,
          1,
          1,
          null,
          0,
          null,
          null,
          null,
          1,
          1,
          1,
          1,
          null,
          null,
          1,
          null,
          1,
          3,
          null,
          null,
          1,
          3,
          null,
          null
        ],
        "branches": {
          "[:if, 0, 9, 4, 9, 72]": {
            "[:then, 1, 9, 4, 9, 46]": 1,
            "[:else, 2, 9, 4, 9, 72]": 1
          },
          "[:if, 3, 10, 4, 10, 78]": {
            "[:then, 4, 10, 4, 10, 50]": 0,
            "[:else, 5, 10, 4, 10, 78]": 2
          },
          "[:if, 6, 17, 4, 23, 7]": {
            "[:then, 7, 19, 6, 20, 81]": 2,
            "[:else, 8, 22, 6, 22, 104]": 0
          },
          "[:\"&.\", 9, 19, 6, 19, 77]": {
            "[:then, 10, 19, 6, 19, 77]": 1,
            "[:else, 11, 19, 6, 19, 77]": 1
          },
          "[:if, 12, 27, 4, 31, 7]": {
            "[:then, 13, 28, 6, 28, 72]": 1,
            "[:else, 14, 30, 6, 30, 83]": 0
          }
        }
      },
      "/Users/vito/Documents/Workspace/Mimo/StreamVault/app/controllers/search_controller.rb": {
        "lines": [
          null,
          null,
          1,
          1,
          null,
          1,
          6,
          6,
          6,
          null,
          6,
          5,
          5,
          5,
          5,
          null,
          5,
          5,
          5,
          5,
          null,
          1,
          1,
          1,
          null,
          null,
          null
        ],
        "branches": {
          "[:if, 0, 11, 4, 25, 7]": {
            "[:then, 1, 12, 6, 20, 76]": 5,
            "[:else, 2, 22, 6, 24, 22]": 1
          },
          "[:\"&.\", 3, 12, 51, 12, 83]": {
            "[:then, 4, 12, 51, 12, 83]": 5,
            "[:else, 5, 12, 51, 12, 83]": 0
          },
          "[:if, 6, 14, 20, 14, 54]": {
            "[:then, 7, 14, 38, 14, 49]": 5,
            "[:else, 8, 14, 52, 14, 54]": 0
          },
          "[:if, 9, 15, 15, 15, 59]": {
            "[:then, 10, 15, 33, 15, 53]": 0,
            "[:else, 11, 15, 56, 15, 59]": 5
          }
        }
      },
      "/Users/vito/Documents/Workspace/Mimo/StreamVault/app/controllers/settings_controller.rb": {
        "lines": [
          null,
          null,
          1,
          1,
          null,
          1,
          1,
          null,
          null,
          1,
          2,
          null,
          2,
          null,
          2,
          1,
          1,
          1,
          1,
          null,
          0,
          null,
          null,
          1,
          null,
          null,
          0,
          null,
          null,
          null,
          1,
          null,
          1,
          2,
          null,
          null
        ],
        "branches": {
          "[:if, 0, 13, 4, 28, 7]": {
            "[:then, 1, 15, 6, 25, 9]": 2,
            "[:else, 2, 27, 6, 27, 49]": 0
          },
          "[:if, 3, 15, 6, 25, 9]": {
            "[:then, 4, 16, 8, 22, 11]": 1,
            "[:else, 5, 24, 8, 24, 62]": 1
          },
          "[:if, 6, 18, 8, 22, 11]": {
            "[:then, 7, 19, 10, 19, 96]": 1,
            "[:else, 8, 21, 10, 21, 127]": 0
          }
        }
      },
      "/Users/vito/Documents/Workspace/Mimo/StreamVault/app/controllers/streaming_controller.rb": {
        "lines": [
          null,
          null,
          1,
          1,
          1,
          null,
          null,
          1,
          2,
          2,
          null,
          null,
          null,
          null,
          null,
          null,
          2,
          2,
          null,
          null,
          null,
          null,
          null,
          null,
          null,
          null,
          null,
          null,
          0,
          null,
          null,
          null,
          null,
          1,
          1,
          1,
          1,
          1,
          1,
          1,
          1,
          null,
          null,
          null,
          1,
          1,
          null,
          null,
          null,
          null,
          null,
          null,
          null,
          null,
          null,
          1,
          1,
          null,
          0,
          null,
          null,
          null,
          1,
          null,
          1,
          4,
          1,
          null,
          null,
          null
        ],
        "branches": {
          "[:\"&.\", 0, 13, 14, 13, 35]": {
            "[:then, 1, 13, 14, 13, 35]": 0,
            "[:else, 2, 13, 14, 13, 35]": 2
          },
          "[:\"&.\", 3, 14, 15, 14, 37]": {
            "[:then, 4, 14, 15, 14, 37]": 0,
            "[:else, 5, 14, 15, 14, 37]": 2
          },
          "[:if, 6, 17, 4, 30, 7]": {
            "[:then, 7, 18, 6, 27, 7]": 2,
            "[:else, 8, 29, 6, 29, 77]": 0
          },
          "[:\"&.\", 9, 52, 14, 52, 35]": {
            "[:then, 10, 52, 14, 52, 35]": 0,
            "[:else, 11, 52, 14, 52, 35]": 1
          },
          "[:\"&.\", 12, 53, 15, 53, 37]": {
            "[:then, 13, 53, 15, 53, 37]": 0,
            "[:else, 14, 53, 15, 53, 37]": 1
          },
          "[:if, 15, 56, 4, 60, 7]": {
            "[:then, 16, 57, 6, 57, 36]": 1,
            "[:else, 17, 59, 6, 59, 81]": 0
          },
          "[:unless, 18, 66, 4, 68, 7]": {
            "[:else, 19, 66, 4, 68, 7]": 3,
            "[:then, 20, 67, 6, 67, 103]": 1
          }
        }
      },
      "/Users/vito/Documents/Workspace/Mimo/StreamVault/app/controllers/watch_history_controller.rb": {
        "lines": [
          null,
          null,
          1,
          1,
          null,
          1,
          1,
          null,
          null,
          1,
          1,
          1,
          1,
          null,
          null
        ],
        "branches": {}
      },
      "/Users/vito/Documents/Workspace/Mimo/StreamVault/app/controllers/wishlist_controller.rb": {
        "lines": [
          null,
          null,
          1,
          1,
          1,
          null,
          1,
          1,
          null,
          null,
          1,
          1,
          null,
          1,
          1,
          null,
          0,
          null,
          null,
          null,
          1,
          1,
          1,
          1,
          null,
          null,
          1,
          1,
          null,
          null,
          null,
          null,
          null,
          null,
          null,
          1,
          1,
          null,
          null,
          1,
          null,
          1,
          2,
          null,
          null,
          1,
          1,
          null,
          null
        ],
        "branches": {
          "[:if, 0, 14, 4, 18, 7]": {
            "[:then, 1, 15, 6, 15, 83]": 1,
            "[:else, 2, 17, 6, 17, 105]": 0
          }
        }
      },
      "/Users/vito/Documents/Workspace/Mimo/StreamVault/app/jobs/application_job.rb": {
        "lines": [
          1,
          null,
          null,
          null,
          null,
          null,
          null
        ],
        "branches": {}
      },
      "/Users/vito/Documents/Workspace/Mimo/StreamVault/app/mailers/application_mailer.rb": {
        "lines": [
          1,
          1,
          1,
          null
        ],
        "branches": {}
      },
      "/Users/vito/Documents/Workspace/Mimo/StreamVault/app/models/episode_progress.rb": {
        "lines": [
          null,
          null,
          1,
          null,
          1,
          null,
          null,
          1,
          1,
          1,
          1,
          1,
          1,
          1,
          1,
          null,
          null,
          null,
          null,
          null,
          3,
          2,
          2,
          null,
          null,
          1,
          4,
          3,
          null,
          null,
          1,
          2,
          null,
          null
        ],
        "branches": {
          "[:if, 0, 27, 4, 27, 38]": {
            "[:then, 1, 27, 4, 27, 12]": 1,
            "[:else, 2, 27, 4, 27, 38]": 3
          }
        }
      },
      "/Users/vito/Documents/Workspace/Mimo/StreamVault/app/models/library_entry.rb": {
        "lines": [
          null,
          null,
          1,
          null,
          1,
          1,
          null,
          null,
          1,
          null,
          null,
          1,
          1,
          1,
          1,
          1,
          1,
          null,
          null,
          8,
          2,
          5,
          3,
          3,
          1,
          null
        ],
        "branches": {}
      },
      "/Users/vito/Documents/Workspace/Mimo/StreamVault/app/models/watch_history_entry.rb": {
        "lines": [
          null,
          null,
          1,
          null,
          1,
          null,
          null,
          1,
          null,
          null,
          1,
          1,
          1,
          1,
          1,
          1,
          null,
          null,
          3,
          2,
          3,
          3,
          null
        ],
        "branches": {}
      },
      "/Users/vito/Documents/Workspace/Mimo/StreamVault/app/models/wishlist_entry.rb": {
        "lines": [
          null,
          null,
          1,
          null,
          1,
          null,
          null,
          1,
          null,
          null,
          1,
          1,
          1,
          1,
          null,
          null,
          3,
          4,
          null
        ],
        "branches": {}
      },
      "/Users/vito/Documents/Workspace/Mimo/StreamVault/app/policies/application_policy.rb": {
        "lines": [
          null,
          null,
          1,
          null,
          1,
          4,
          null,
          null,
          1,
          1,
          null,
          null,
          1,
          2,
          null,
          null,
          1,
          2,
          null,
          null,
          1,
          null,
          1,
          10,
          null,
          null,
          null,
          1,
          8,
          null,
          null
        ],
        "branches": {}
      },
      "/Users/vito/Documents/Workspace/Mimo/StreamVault/app/policies/episode_progress_policy.rb": {
        "lines": [
          null,
          null,
          1,
          null,
          null
        ],
        "branches": {}
      },
      "/Users/vito/Documents/Workspace/Mimo/StreamVault/app/policies/library_entry_policy.rb": {
        "lines": [
          null,
          null,
          1,
          null,
          null
        ],
        "branches": {}
      },
      "/Users/vito/Documents/Workspace/Mimo/StreamVault/app/policies/watch_history_entry_policy.rb": {
        "lines": [
          null,
          null,
          1,
          null,
          1,
          1,
          null,
          null
        ],
        "branches": {}
      },
      "/Users/vito/Documents/Workspace/Mimo/StreamVault/app/policies/wishlist_entry_policy.rb": {
        "lines": [
          null,
          null,
          1,
          1,
          2,
          null,
          null
        ],
        "branches": {}
      },
      "/Users/vito/Documents/Workspace/Mimo/StreamVault/app/services/content_streaming_service.rb": {
        "lines": [
          null,
          null,
          1,
          1,
          1,
          null,
          1,
          8,
          8,
          null,
          null,
          null,
          1,
          8,
          null,
          7,
          7,
          null,
          7,
          7,
          null,
          7,
          7,
          null,
          6,
          9,
          null,
          9,
          9,
          5,
          null,
          null,
          null,
          null,
          null,
          null,
          null,
          null,
          null,
          null,
          null,
          1,
          null,
          null,
          1,
          null,
          1,
          9,
          null,
          9,
          null,
          9,
          9,
          9,
          null,
          5,
          5,
          null,
          null,
          5,
          null,
          null,
          null,
          0,
          null,
          null
        ],
        "branches": {
          "[:unless, 0, 14, 4, 14, 102]": {
            "[:else, 1, 14, 4, 14, 102]": 7,
            "[:then, 2, 14, 4, 14, 69]": 1
          },
          "[:if, 3, 17, 20, 17, 59]": {
            "[:then, 4, 17, 36, 17, 53]": 7,
            "[:else, 5, 17, 56, 17, 59]": 0
          },
          "[:if, 6, 20, 4, 20, 52]": {
            "[:then, 7, 20, 4, 20, 25]": 0,
            "[:else, 8, 20, 4, 20, 52]": 7
          },
          "[:if, 9, 23, 4, 23, 91]": {
            "[:then, 10, 23, 4, 23, 73]": 1,
            "[:else, 11, 23, 4, 23, 91]": 6
          },
          "[:unless, 12, 26, 6, 26, 47]": {
            "[:else, 13, 26, 6, 26, 47]": 9,
            "[:then, 14, 26, 6, 26, 10]": 0
          },
          "[:if, 15, 29, 6, 39, 9]": {
            "[:then, 16, 30, 8, 38, 10]": 5,
            "[:else, 17, 29, 6, 39, 9]": 4
          },
          "[:unless, 18, 50, 4, 50, 73]": {
            "[:else, 19, 50, 4, 50, 73]": 9,
            "[:then, 20, 50, 4, 50, 14]": 0
          },
          "[:if, 21, 53, 4, 53, 33]": {
            "[:then, 22, 53, 4, 53, 14]": 0,
            "[:else, 23, 53, 4, 53, 33]": 9
          },
          "[:if, 24, 54, 4, 54, 51]": {
            "[:then, 25, 54, 4, 54, 14]": 4,
            "[:else, 26, 54, 4, 54, 51]": 5
          },
          "[:if, 27, 57, 4, 57, 51]": {
            "[:then, 28, 57, 4, 57, 14]": 0,
            "[:else, 29, 57, 4, 57, 51]": 5
          }
        }
      },
      "/Users/vito/Documents/Workspace/Mimo/StreamVault/app/services/progress_tracking_service.rb": {
        "lines": [
          null,
          null,
          1,
          null,
          1,
          4,
          null,
          3,
          null,
          null,
          3,
          3,
          null,
          null,
          null,
          null,
          null,
          3,
          3,
          null,
          null,
          null,
          null,
          null,
          null,
          null,
          3,
          1,
          null,
          null,
          null,
          3,
          null,
          3,
          null,
          0,
          null,
          0,
          0,
          null,
          null,
          null,
          1,
          2,
          1,
          null,
          null,
          null,
          null,
          null,
          1,
          null,
          null,
          null,
          null,
          null,
          2,
          null,
          null,
          null,
          1,
          null,
          3,
          null,
          null,
          3,
          null,
          null,
          null,
          null,
          null,
          3,
          1,
          null,
          null,
          null,
          null,
          null,
          null,
          2,
          2,
          null,
          null,
          null,
          null,
          null,
          2,
          1,
          null,
          null,
          null,
          null,
          null,
          1,
          null,
          null,
          null,
          null,
          null,
          null,
          null,
          null,
          null,
          1,
          null,
          2,
          null,
          null,
          null,
          null,
          null,
          3,
          2,
          1,
          null,
          1,
          null,
          null,
          null,
          null,
          null,
          null,
          null,
          null,
          null,
          null,
          null,
          null,
          3,
          null,
          null,
          1,
          null,
          1,
          1,
          null,
          null,
          null,
          null,
          null,
          1,
          null,
          null,
          null,
          null,
          null,
          null,
          null,
          1,
          3,
          3,
          null,
          3,
          0,
          3,
          3,
          null,
          0,
          null,
          null,
          3,
          null,
          null,
          1,
          5,
          null,
          null,
          1,
          3,
          null,
          null
        ],
        "branches": {
          "[:if, 0, 6, 4, 6, 111]": {
            "[:then, 1, 6, 4, 6, 57]": 1,
            "[:else, 2, 6, 4, 6, 111]": 3
          },
          "[:if, 3, 8, 19, 8, 108]": {
            "[:then, 4, 8, 48, 8, 104]": 3,
            "[:else, 5, 8, 107, 8, 108]": 0
          },
          "[:if, 6, 12, 20, 12, 54]": {
            "[:then, 7, 12, 37, 12, 45]": 1,
            "[:else, 8, 12, 48, 12, 54]": 2
          },
          "[:if, 9, 18, 20, 18, 50]": {
            "[:then, 10, 18, 37, 18, 44]": 1,
            "[:else, 11, 18, 47, 18, 50]": 2
          },
          "[:if, 12, 19, 18, 19, 73]": {
            "[:then, 13, 19, 35, 19, 67]": 1,
            "[:else, 14, 19, 70, 19, 73]": 2
          },
          "[:if, 15, 27, 4, 29, 7]": {
            "[:then, 16, 28, 6, 28, 97]": 1,
            "[:else, 17, 27, 4, 29, 7]": 2
          },
          "[:if, 18, 44, 4, 55, 7]": {
            "[:then, 19, 45, 6, 49, 7]": 1,
            "[:else, 20, 51, 6, 54, 14]": 1
          },
          "[:if, 21, 72, 4, 100, 7]": {
            "[:then, 22, 73, 6, 77, 8]": 1,
            "[:else, 23, 80, 6, 99, 9]": 2
          },
          "[:if, 24, 87, 6, 99, 9]": {
            "[:then, 25, 88, 8, 92, 10]": 1,
            "[:else, 26, 94, 8, 98, 10]": 1
          },
          "[:unless, 27, 151, 4, 151, 23]": {
            "[:else, 28, 151, 4, 151, 23]": 3,
            "[:then, 29, 151, 4, 151, 10]": 0
          },
          "[:if, 30, 153, 17, 159, 20]": {
            "[:then, 31, 154, 19, 154, 28]": 0,
            "[:else, 32, 155, 17, 159, 20]": 3
          },
          "[:if, 33, 155, 17, 159, 20]": {
            "[:then, 34, 156, 19, 156, 28]": 3,
            "[:else, 35, 158, 19, 158, 37]": 0
          },
          "[:if, 36, 161, 4, 161, 79]": {
            "[:then, 37, 161, 4, 161, 43]": 3,
            "[:else, 38, 161, 4, 161, 79]": 0
          },
          "[:\"&.\", 39, 165, 4, 165, 57]": {
            "[:then, 40, 165, 4, 165, 57]": 5,
            "[:else, 41, 165, 4, 165, 57]": 0
          },
          "[:\"&.\", 42, 169, 4, 169, 62]": {
            "[:then, 43, 169, 4, 169, 62]": 3,
            "[:else, 44, 169, 4, 169, 62]": 0
          }
        }
      },
      "/Users/vito/Documents/Workspace/Mimo/StreamVault/app/services/real_debrid_service.rb": {
        "lines": [
          null,
          null,
          1,
          1,
          1,
          1,
          null,
          1,
          10,
          10,
          10,
          10,
          10,
          10,
          10,
          10,
          null,
          null,
          null,
          null,
          1,
          3,
          3,
          2,
          null,
          1,
          null,
          null,
          0,
          null,
          0,
          0,
          null,
          null,
          null,
          1,
          3,
          null,
          2,
          3,
          3,
          null,
          null,
          null,
          2,
          2,
          null,
          null,
          null,
          null,
          null,
          null,
          0,
          null,
          null,
          0,
          0,
          null,
          null,
          null,
          1,
          2,
          null,
          1,
          1,
          1,
          null,
          null,
          null,
          1,
          1,
          null,
          null,
          null,
          null,
          0,
          null,
          null,
          0,
          0,
          null,
          null,
          null,
          1,
          1,
          null,
          1,
          null,
          1,
          1,
          null,
          0,
          null,
          null,
          0,
          0,
          null,
          null,
          null,
          1,
          1,
          null,
          1,
          1,
          1,
          null,
          null,
          null,
          1,
          1,
          null,
          0,
          null,
          null,
          0,
          0,
          null,
          null,
          null,
          1,
          0,
          0,
          null,
          0,
          0,
          null,
          0,
          0,
          null,
          null,
          0,
          0,
          null,
          0,
          null,
          null,
          1,
          null,
          1,
          1,
          1,
          null,
          0,
          null,
          null,
          1,
          null,
          1,
          null,
          null,
          null,
          1,
          1,
          null,
          null,
          null,
          null,
          null,
          null,
          null,
          1,
          4,
          4,
          5,
          5,
          null,
          1,
          1,
          null,
          null,
          0,
          0,
          0,
          0,
          null,
          0,
          null,
          null
        ],
        "branches": {
          "[:if, 0, 23, 4, 27, 7]": {
            "[:then, 1, 24, 6, 24, 42]": 2,
            "[:else, 2, 26, 6, 26, 67]": 1
          },
          "[:if, 3, 37, 4, 37, 65]": {
            "[:then, 4, 37, 4, 37, 51]": 1,
            "[:else, 5, 37, 4, 37, 65]": 2
          },
          "[:if, 6, 45, 4, 54, 7]": {
            "[:then, 7, 46, 6, 51, 8]": 2,
            "[:else, 8, 53, 6, 53, 67]": 0
          },
          "[:if, 9, 62, 4, 62, 76]": {
            "[:then, 10, 62, 4, 62, 59]": 1,
            "[:else, 11, 62, 4, 62, 76]": 1
          },
          "[:if, 12, 70, 4, 77, 7]": {
            "[:then, 13, 71, 6, 74, 8]": 1,
            "[:else, 14, 76, 6, 76, 67]": 0
          },
          "[:if, 15, 85, 4, 85, 71]": {
            "[:then, 16, 85, 4, 85, 58]": 0,
            "[:else, 17, 85, 4, 85, 71]": 1
          },
          "[:if, 18, 89, 4, 93, 7]": {
            "[:then, 19, 90, 6, 90, 66]": 1,
            "[:else, 20, 92, 6, 92, 67]": 0
          },
          "[:if, 21, 101, 4, 101, 104]": {
            "[:then, 22, 101, 4, 101, 72]": 0,
            "[:else, 23, 101, 4, 101, 104]": 1
          },
          "[:if, 24, 109, 4, 113, 7]": {
            "[:then, 25, 110, 6, 110, 33]": 1,
            "[:else, 26, 112, 6, 112, 67]": 0
          },
          "[:if, 27, 122, 4, 122, 46]": {
            "[:then, 28, 122, 4, 122, 22]": 0,
            "[:else, 29, 122, 4, 122, 46]": 0
          },
          "[:\"&.\", 30, 125, 11, 125, 29]": {
            "[:then, 31, 125, 11, 125, 29]": 0,
            "[:else, 32, 125, 11, 125, 29]": 0
          },
          "[:unless, 33, 127, 4, 127, 73]": {
            "[:else, 34, 127, 4, 127, 73]": 0,
            "[:then, 35, 127, 4, 127, 61]": 0
          },
          "[:unless, 36, 128, 4, 128, 89]": {
            "[:else, 37, 128, 4, 128, 89]": 0,
            "[:then, 38, 128, 4, 128, 66]": 0
          },
          "[:\"&.\", 39, 131, 11, 131, 44]": {
            "[:then, 40, 131, 11, 131, 44]": 0,
            "[:else, 41, 131, 11, 131, 44]": 0
          },
          "[:unless, 42, 132, 4, 132, 79]": {
            "[:else, 43, 132, 4, 132, 79]": 0,
            "[:then, 44, 132, 4, 132, 67]": 0
          },
          "[:unless, 45, 140, 4, 140, 59]": {
            "[:else, 46, 140, 4, 140, 59]": 1,
            "[:then, 47, 140, 4, 140, 26]": 0
          },
          "[:if, 48, 172, 4, 175, 7]": {
            "[:then, 49, 173, 6, 174, 11]": 0,
            "[:else, 50, 172, 4, 175, 7]": 0
          },
          "[:if, 51, 165, 6, 165, 73]": {
            "[:then, 52, 165, 6, 165, 21]": 4,
            "[:else, 53, 165, 6, 165, 73]": 1
          }
        }
      },
      "/Users/vito/Documents/Workspace/Mimo/StreamVault/app/services/service_result.rb": {
        "lines": [
          null,
          null,
          1,
          1,
          null,
          1,
          60,
          60,
          60,
          60,
          null,
          null,
          1,
          43,
          null,
          null,
          1,
          21,
          null,
          null,
          1,
          51,
          null,
          null,
          1,
          9,
          null,
          null
        ],
        "branches": {}
      },
      "/Users/vito/Documents/Workspace/Mimo/StreamVault/app/services/torrentio_service.rb": {
        "lines": [
          null,
          null,
          1,
          1,
          1,
          1,
          null,
          1,
          24,
          null,
          24,
          24,
          24,
          24,
          24,
          24,
          null,
          null,
          24,
          24,
          24,
          24,
          24,
          null,
          null,
          null,
          1,
          8,
          null,
          7,
          7,
          null,
          7,
          14,
          12,
          234,
          null,
          null,
          null,
          7,
          null,
          0,
          0,
          null,
          null,
          1,
          12,
          null,
          11,
          11,
          null,
          11,
          10,
          10,
          10,
          1,
          1,
          null,
          0,
          null,
          null,
          0,
          null,
          0,
          null,
          0,
          0,
          null,
          null,
          1,
          11,
          null,
          11,
          11,
          null,
          11,
          11,
          null,
          0,
          null,
          null,
          0,
          0,
          null,
          null,
          1,
          null,
          null,
          1,
          10,
          11,
          11,
          11,
          11,
          null,
          null,
          null,
          null,
          null,
          null,
          1,
          11,
          null,
          11,
          1,
          null,
          10,
          null,
          null,
          11,
          null,
          null,
          1,
          10,
          11,
          11,
          null,
          11,
          null,
          null,
          null,
          null,
          null,
          11,
          null,
          null,
          null,
          null,
          null,
          null,
          null,
          null,
          1,
          11,
          11,
          0,
          0,
          0,
          0,
          0,
          null,
          null,
          null,
          1,
          11,
          11,
          0,
          7,
          4,
          0,
          0,
          null,
          null,
          null,
          1,
          11,
          2,
          9,
          0,
          null,
          9,
          null,
          null,
          null,
          1,
          0,
          0,
          0,
          0,
          0,
          null,
          0,
          null,
          null,
          null,
          1,
          null,
          222,
          null,
          null,
          222,
          null,
          null,
          null,
          null,
          null,
          1,
          null,
          11,
          null,
          null,
          null,
          null,
          null,
          null,
          null,
          null,
          null,
          null,
          null,
          null,
          null,
          null,
          null,
          null,
          null,
          1,
          11,
          11,
          5,
          null,
          null,
          1,
          11,
          11,
          null,
          5,
          null,
          3,
          null,
          null,
          null,
          null,
          null,
          null,
          null,
          null
        ],
        "branches": {
          "[:if, 0, 28, 4, 28, 73]": {
            "[:then, 1, 28, 4, 28, 57]": 1,
            "[:else, 2, 28, 4, 28, 73]": 7
          },
          "[:unless, 3, 35, 6, 35, 64]": {
            "[:else, 4, 35, 6, 35, 64]": 12,
            "[:then, 5, 35, 6, 35, 10]": 0
          },
          "[:if, 6, 47, 4, 47, 73]": {
            "[:then, 7, 47, 4, 47, 55]": 1,
            "[:else, 8, 47, 4, 47, 73]": 11
          },
          "[:if, 9, 52, 4, 60, 7]": {
            "[:then, 10, 53, 6, 55, 35]": 10,
            "[:else, 11, 56, 4, 60, 7]": 1
          },
          "[:if, 12, 56, 4, 60, 7]": {
            "[:then, 13, 57, 6, 57, 31]": 1,
            "[:else, 14, 59, 6, 59, 71]": 0
          },
          "[:if, 15, 71, 4, 71, 73]": {
            "[:then, 16, 71, 4, 71, 55]": 0,
            "[:else, 17, 71, 4, 71, 73]": 11
          },
          "[:if, 18, 73, 20, 73, 62]": {
            "[:then, 19, 73, 42, 73, 50]": 2,
            "[:else, 20, 73, 53, 73, 62]": 9
          },
          "[:if, 21, 76, 4, 80, 7]": {
            "[:then, 22, 77, 6, 77, 81]": 11,
            "[:else, 23, 79, 6, 79, 49]": 0
          },
          "[:if, 24, 91, 17, 91, 36]": {
            "[:then, 25, 91, 31, 91, 32]": 0,
            "[:else, 26, 91, 35, 91, 36]": 11
          },
          "[:if, 27, 93, 19, 93, 65]": {
            "[:then, 28, 93, 49, 93, 61]": 11,
            "[:else, 29, 93, 64, 93, 65]": 0
          },
          "[:if, 30, 102, 11, 102, 67]": {
            "[:then, 31, 102, 34, 102, 62]": 7,
            "[:else, 32, 102, 65, 102, 67]": 4
          },
          "[:if, 33, 104, 19, 108, 7]": {
            "[:then, 34, 105, 6, 105, 46]": 1,
            "[:else, 35, 107, 6, 107, 24]": 10
          },
          "[:if, 36, 124, 14, 124, 62]": {
            "[:then, 37, 124, 27, 124, 50]": 0,
            "[:else, 38, 124, 53, 124, 62]": 11
          },
          "[:unless, 39, 135, 4, 135, 27]": {
            "[:else, 40, 135, 4, 135, 27]": 0,
            "[:then, 41, 135, 4, 135, 14]": 11
          },
          "[:case, 42, 137, 4, 141, 7]": {
            "[:when, 43, 138, 19, 138, 47]": 0,
            "[:when, 44, 139, 19, 139, 43]": 0,
            "[:when, 45, 140, 19, 140, 38]": 0,
            "[:else, 46, 137, 4, 141, 7]": 0
          },
          "[:unless, 47, 145, 4, 145, 33]": {
            "[:else, 48, 145, 4, 145, 33]": 11,
            "[:then, 49, 145, 4, 145, 20]": 0
          },
          "[:case, 50, 146, 4, 152, 7]": {
            "[:when, 51, 147, 26, 147, 30]": 0,
            "[:when, 52, 148, 23, 148, 30]": 7,
            "[:when, 53, 149, 22, 149, 28]": 4,
            "[:when, 54, 150, 22, 150, 28]": 0,
            "[:else, 55, 151, 9, 151, 18]": 0
          },
          "[:if, 56, 156, 4, 162, 7]": {
            "[:then, 57, 157, 6, 157, 23]": 2,
            "[:else, 58, 158, 4, 162, 7]": 9
          },
          "[:if, 59, 158, 4, 162, 7]": {
            "[:then, 60, 159, 6, 159, 13]": 0,
            "[:else, 61, 161, 6, 161, 7]": 9
          },
          "[:unless, 62, 166, 4, 166, 48]": {
            "[:else, 63, 166, 4, 166, 48]": 0,
            "[:then, 64, 166, 4, 166, 20]": 0
          },
          "[:if, 65, 167, 4, 173, 7]": {
            "[:then, 66, 168, 6, 168, 48]": 0,
            "[:else, 67, 169, 4, 173, 7]": 0
          },
          "[:if, 68, 169, 4, 173, 7]": {
            "[:then, 69, 170, 6, 170, 44]": 0,
            "[:else, 70, 172, 6, 172, 39]": 0
          },
          "[:if, 71, 181, 12, 181, 44]": {
            "[:then, 72, 181, 31, 181, 37]": 0,
            "[:else, 73, 181, 40, 181, 44]": 222
          },
          "[:\"&.\", 74, 196, 13, 196, 39]": {
            "[:then, 75, 196, 13, 196, 39]": 2,
            "[:else, 76, 196, 13, 196, 39]": 9
          },
          "[:\"&.\", 77, 197, 16, 197, 44]": {
            "[:then, 78, 197, 16, 197, 44]": 1,
            "[:else, 79, 197, 16, 197, 44]": 10
          },
          "[:\"&.\", 80, 198, 14, 198, 38]": {
            "[:then, 81, 198, 14, 198, 38]": 1,
            "[:else, 82, 198, 14, 198, 38]": 10
          },
          "[:unless, 83, 209, 4, 209, 41]": {
            "[:else, 84, 209, 4, 209, 41]": 2,
            "[:then, 85, 209, 4, 209, 14]": 9
          },
          "[:unless, 86, 215, 4, 215, 40]": {
            "[:else, 87, 215, 4, 215, 40]": 2,
            "[:then, 88, 215, 4, 215, 13]": 9
          },
          "[:\"&.\", 89, 222, 18, 222, 40]": {
            "[:then, 90, 222, 18, 222, 40]": 3,
            "[:else, 91, 222, 18, 222, 40]": 0
          },
          "[:\"&.\", 92, 222, 18, 222, 46]": {
            "[:then, 93, 222, 18, 222, 46]": 3,
            "[:else, 94, 222, 18, 222, 46]": 0
          }
        }
      }
    },
    "timestamp": 1781633485
  }
}
